pgbench (17.2)
starting vacuum...end.
progress: 5.0 s, 1526.7 tps, lat 10.401 ms stddev 7.800, 0 failed
progress: 10.0 s, 1156.5 tps, lat 13.800 ms stddev 11.226, 0 failed
progress: 15.0 s, 832.4 tps, lat 19.151 ms stddev 15.816, 0 failed
progress: 20.0 s, 843.4 tps, lat 18.986 ms stddev 14.437, 0 failed
progress: 25.0 s, 1032.5 tps, lat 15.462 ms stddev 12.631, 0 failed
progress: 30.0 s, 2587.2 tps, lat 6.180 ms stddev 6.605, 0 failed
transaction type: <builtin: TPC-B (sort of)>
scaling factor: 10
query mode: simple
number of clients: 16
number of threads: 1
maximum number of tries: 1
duration: 30 s
number of transactions actually processed: 39909
number of failed transactions: 0 (0.000%)
latency average = 12.001 ms
latency stddev = 11.695 ms
initial connection time = 17.422 ms
tps = 1330.258407 (without initial connection time)
