pgbench (17.2)
starting vacuum...end.
progress: 5.0 s, 2094.0 tps, lat 7.577 ms stddev 8.847, 0 failed
progress: 10.0 s, 1460.2 tps, lat 10.979 ms stddev 11.244, 0 failed
progress: 15.0 s, 1396.0 tps, lat 11.440 ms stddev 10.502, 0 failed
progress: 20.0 s, 1318.2 tps, lat 12.142 ms stddev 12.215, 0 failed
progress: 25.0 s, 1551.2 tps, lat 10.288 ms stddev 9.867, 0 failed
progress: 30.0 s, 2179.8 tps, lat 7.346 ms stddev 8.288, 0 failed
transaction type: <builtin: TPC-B (sort of)>
scaling factor: 10
query mode: simple
number of clients: 16
number of threads: 1
maximum number of tries: 1
duration: 30 s
number of transactions actually processed: 50010
number of failed transactions: 0 (0.000%)
latency average = 9.586 ms
latency stddev = 10.180 ms
initial connection time = 16.614 ms
tps = 1666.616234 (without initial connection time)
